# JRE version: Java(TM) SE Runtime Environment (8.0_171-b11) (build 1.8.0_171-b11)
# Java VM: Java HotSpot(TM) 64-Bit Server VM (25.171-b11 mixed mode bsd-amd64 compressed oops)
Heap:
 PSYoungGen      total 73728K, used 3010K [0x000000076ab00000, 0x000000076fd80000, 0x00000007c0000000)
  eden space 71168K, 1% used [0x000000076ab00000,0x000000076abb8f60,0x000000076f080000)
  from space 2560K, 88% used [0x000000076f880000,0x000000076fab7a08,0x000000076fb00000)
  to   space 2560K, 0% used [0x000000076fb00000,0x000000076fb00000,0x000000076fd80000)
 ParOldGen       total 175104K, used 58737K [0x00000006c0000000, 0x00000006cab00000, 0x000000076ab00000)
  object space 175104K, 33% used [0x00000006c0000000,0x00000006c395c7c8,0x00000006cab00000)
 Metaspace       used 19854K, capacity 20418K, committed 20608K, reserved 1067008K
  class space    used 2523K, capacity 2672K, committed 2688K, reserved 1048576K
GC Heap History (10 events):
Event: 123302.205 GC heap before
{Heap before GC invocations=255 (full 0):
 PSYoungGen      total 80384K, used 80357K [0x000000076ab00000, 0x0000000770280000, 0x00000007c0000000)
  eden space 79872K, 100% used [0x000000076ab00000,0x000000076f900000,0x000000076f900000)
  from space 512K, 94% used [0x0000000770200000,0x00000007702797c0,0x0000000770280000)
  to   space 3072K, 0% used [0x000000076fc80000,0x000000076fc80000,0x000000076ff80000)
 ParOldGen       total 175104K, used 58212K [0x00000006c0000000, 0x00000006cab00000, 0x000000076ab00000)
  object space 175104K, 33% used [0x00000006c0000000,0x00000006c38d9360,0x00000006cab00000)
 Metaspace       used 19849K, capacity 20418K, committed 20608K, reserved 1067008K
  class space    used 2523K, capacity 2672K, committed 2688K, reserved 1048576K
Event: 123302.225 GC heap after
Heap after GC invocations=255 (full 0):
 PSYoungGen      total 80896K, used 160K [0x000000076ab00000, 0x0000000770280000, 0x00000007c0000000)
  eden space 77824K, 0% used [0x000000076ab00000,0x000000076ab00000,0x000000076f700000)
  from space 3072K, 5% used [0x000000076fc80000,0x000000076fca8000,0x000000076ff80000)
  to   space 3072K, 0% used [0x000000076ff80000,0x000000076ff80000,0x0000000770280000)
 ParOldGen       total 175104K, used 58673K [0x00000006c0000000, 0x00000006cab00000, 0x000000076ab00000)
  object space 175104K, 33% used [0x00000006c0000000,0x00000006c394c7c8,0x00000006cab00000)
 Metaspace       used 19849K, capacity 20418K, committed 20608K, reserved 1067008K
  class space    used 2523K, capacity 2672K, committed 2688K, reserved 1048576K
}
Event: 143750.427 GC heap before
{Heap before GC invocations=256 (full 0):
 PSYoungGen      total 80896K, used 77984K [0x000000076ab00000, 0x0000000770280000, 0x00000007c0000000)
  eden space 77824K, 100% used [0x000000076ab00000,0x000000076f700000,0x000000076f700000)
  from space 3072K, 5% used [0x000000076fc80000,0x000000076fca8000,0x000000076ff80000)
  to   space 3072K, 0% used [0x000000076ff80000,0x000000076ff80000,0x0000000770280000)
 ParOldGen       total 175104K, used 58673K [0x00000006c0000000, 0x00000006cab00000, 0x000000076ab00000)
  object space 175104K, 33% used [0x00000006c0000000,0x00000006c394c7c8,0x00000006cab00000)
 Metaspace       used 19849K, capacity 20418K, committed 20608K, reserved 1067008K
  class space    used 2523K, capacity 2672K, committed 2688K, reserved 1048576K
Event: 143750.429 GC heap after
Heap after GC invocations=256 (full 0):
 PSYoungGen      total 76288K, used 128K [0x000000076ab00000, 0x0000000770000000, 0x00000007c0000000)
  eden space 75776K, 0% used [0x000000076ab00000,0x000000076ab00000,0x000000076f500000)
  from space 512K, 25% used [0x000000076ff80000,0x000000076ffa0000,0x0000000770000000)
  to   space 3072K, 0% used [0x000000076fa00000,0x000000076fa00000,0x000000076fd00000)
 ParOldGen       total 175104K, used 58689K [0x00000006c0000000, 0x00000006cab00000, 0x000000076ab00000)
  object space 175104K, 33% used [0x00000006c0000000,0x00000006c39507c8,0x00000006cab00000)
 Metaspace       used 19849K, capacity 20418K, committed 20608K, reserved 1067008K
  class space    used 2523K, capacity 2672K, committed 2688K, reserved 1048576K
}
Event: 163598.045 GC heap before
{Heap before GC invocations=257 (full 0):
 PSYoungGen      total 76288K, used 75904K [0x000000076ab00000, 0x0000000770000000, 0x00000007c0000000)
  eden space 75776K, 100% used [0x000000076ab00000,0x000000076f500000,0x000000076f500000)
  from space 512K, 25% used [0x000000076ff80000,0x000000076ffa0000,0x0000000770000000)
  to   space 3072K, 0% used [0x000000076fa00000,0x000000076fa00000,0x000000076fd00000)
 ParOldGen       total 175104K, used 58689K [0x00000006c0000000, 0x00000006cab00000, 0x000000076ab00000)
  object space 175104K, 33% used [0x00000006c0000000,0x00000006c39507c8,0x00000006cab00000)
 Metaspace       used 19852K, capacity 20418K, committed 20608K, reserved 1067008K
  class space    used 2523K, capacity 2672K, committed 2688K, reserved 1048576K
Event: 163598.058 GC heap after
Heap after GC invocations=257 (full 0):
 PSYoungGen      total 77312K, used 160K [0x000000076ab00000, 0x0000000770000000, 0x00000007c0000000)
  eden space 74240K, 0% used [0x000000076ab00000,0x000000076ab00000,0x000000076f380000)
  from space 3072K, 5% used [0x000000076fa00000,0x000000076fa28000,0x000000076fd00000)
  to   space 3072K, 0% used [0x000000076fd00000,0x000000076fd00000,0x0000000770000000)
 ParOldGen       total 175104K, used 58705K [0x00000006c0000000, 0x00000006cab00000, 0x000000076ab00000)
  object space 175104K, 33% used [0x00000006c0000000,0x00000006c39547c8,0x00000006cab00000)
 Metaspace       used 19852K, capacity 20418K, committed 20608K, reserved 1067008K
  class space    used 2523K, capacity 2672K, committed 2688K, reserved 1048576K
}
Event: 183080.840 GC heap before
{Heap before GC invocations=258 (full 0):
 PSYoungGen      total 77312K, used 74400K [0x000000076ab00000, 0x0000000770000000, 0x00000007c0000000)
  eden space 74240K, 100% used [0x000000076ab00000,0x000000076f380000,0x000000076f380000)
  from space 3072K, 5% used [0x000000076fa00000,0x000000076fa28000,0x000000076fd00000)
  to   space 3072K, 0% used [0x000000076fd00000,0x000000076fd00000,0x0000000770000000)
 ParOldGen       total 175104K, used 58705K [0x00000006c0000000, 0x00000006cab00000, 0x000000076ab00000)
  object space 175104K, 33% used [0x00000006c0000000,0x00000006c39547c8,0x00000006cab00000)
 Metaspace       used 19852K, capacity 20418K, committed 20608K, reserved 1067008K
  class space    used 2523K, capacity 2672K, committed 2688K, reserved 1048576K
Event: 183080.844 GC heap after
Heap after GC invocations=258 (full 0):
 PSYoungGen      total 73216K, used 128K [0x000000076ab00000, 0x000000076fd80000, 0x00000007c0000000)
  eden space 72704K, 0% used [0x000000076ab00000,0x000000076ab00000,0x000000076f200000)
  from space 512K, 25% used [0x000000076fd00000,0x000000076fd20000,0x000000076fd80000)
  to   space 2560K, 0% used [0x000000076f880000,0x000000076f880000,0x000000076fb00000)
 ParOldGen       total 175104K, used 58721K [0x00000006c0000000, 0x00000006cab00000, 0x000000076ab00000)
  object space 175104K, 33% used [0x00000006c0000000,0x00000006c39587c8,0x00000006cab00000)
 Metaspace       used 19852K, capacity 20418K, committed 20608K, reserved 1067008K
  class space    used 2523K, capacity 2672K, committed 2688K, reserved 1048576K
}
Event: 201246.737 GC heap before
{Heap before GC invocations=259 (full 0):
 PSYoungGen      total 73216K, used 72832K [0x000000076ab00000, 0x000000076fd80000, 0x00000007c0000000)
  eden space 72704K, 100% used [0x000000076ab00000,0x000000076f200000,0x000000076f200000)
  from space 512K, 25% used [0x000000076fd00000,0x000000076fd20000,0x000000076fd80000)
  to   space 2560K, 0% used [0x000000076f880000,0x000000076f880000,0x000000076fb00000)
 ParOldGen       total 175104K, used 58721K [0x00000006c0000000, 0x00000006cab00000, 0x000000076ab00000)
  object space 175104K, 33% used [0x00000006c0000000,0x00000006c39587c8,0x00000006cab00000)
 Metaspace       used 19854K, capacity 20418K, committed 20608K, reserved 1067008K
  class space    used 2523K, capacity 2672K, committed 2688K, reserved 1048576K
Event: 201246.761 GC heap after
Heap after GC invocations=259 (full 0):
 PSYoungGen      total 73728K, used 2270K [0x000000076ab00000, 0x000000076fd80000, 0x00000007c0000000)
  eden space 71168K, 0% used [0x000000076ab00000,0x000000076ab00000,0x000000076f080000)
  from space 2560K, 88% used [0x000000076f880000,0x000000076fab7a08,0x000000076fb00000)
  to   space 2560K, 0% used [0x000000076fb00000,0x000000076fb00000,0x000000076fd80000)
 ParOldGen       total 175104K, used 58737K [0x00000006c0000000, 0x00000006cab00000, 0x000000076ab00000)
  object space 175104K, 33% used [0x00000006c0000000,0x00000006c395c7c8,0x00000006cab00000)
 Metaspace       used 19854K, capacity 20418K, committed 20608K, reserved 1067008K
  class space    used 2523K, capacity 2672K, committed 2688K, reserved 1048576K
}

