# JRE version: Java(TM) SE Runtime Environment (8.0_171-b11) (build 1.8.0_171-b11)
# Java VM: Java HotSpot(TM) 64-Bit Server VM (25.171-b11 mixed mode bsd-amd64 compressed oops)
Heap:
 PSYoungGen      total 25600K, used 347K [0x000000076ab00000, 0x000000076c780000, 0x00000007c0000000)
  eden space 22016K, 0% used [0x000000076ab00000,0x000000076ab2eff0,0x000000076c080000)
  from space 3584K, 4% used [0x000000076c080000,0x000000076c0a8000,0x000000076c400000)
  to   space 3584K, 0% used [0x000000076c400000,0x000000076c400000,0x000000076c780000)
 ParOldGen       total 175104K, used 60187K [0x00000006c0000000, 0x00000006cab00000, 0x000000076ab00000)
  object space 175104K, 34% used [0x00000006c0000000,0x00000006c3ac6f80,0x00000006cab00000)
 Metaspace       used 20487K, capacity 21118K, committed 21248K, reserved 1067008K
  class space    used 2589K, capacity 2727K, committed 2816K, reserved 1048576K
GC Heap History (10 events):
Event: 35206.472 GC heap before
{Heap before GC invocations=329 (full 106):
 PSYoungGen      total 26112K, used 23238K [0x000000076ab00000, 0x000000076c880000, 0x00000007c0000000)
  eden space 22016K, 100% used [0x000000076ab00000,0x000000076c080000,0x000000076c080000)
  from space 4096K, 29% used [0x000000076c480000,0x000000076c5b1a60,0x000000076c880000)
  to   space 4096K, 0% used [0x000000076c080000,0x000000076c080000,0x000000076c480000)
 ParOldGen       total 175104K, used 58923K [0x00000006c0000000, 0x00000006cab00000, 0x000000076ab00000)
  object space 175104K, 33% used [0x00000006c0000000,0x00000006c398acb8,0x00000006cab00000)
 Metaspace       used 20483K, capacity 21118K, committed 21248K, reserved 1067008K
  class space    used 2588K, capacity 2727K, committed 2816K, reserved 1048576K
Event: 35206.475 GC heap after
Heap after GC invocations=329 (full 106):
 PSYoungGen      total 26112K, used 128K [0x000000076ab00000, 0x000000076c880000, 0x00000007c0000000)
  eden space 22016K, 0% used [0x000000076ab00000,0x000000076ab00000,0x000000076c080000)
  from space 4096K, 3% used [0x000000076c080000,0x000000076c0a0000,0x000000076c480000)
  to   space 4096K, 0% used [0x000000076c480000,0x000000076c480000,0x000000076c880000)
 ParOldGen       total 175104K, used 60115K [0x00000006c0000000, 0x00000006cab00000, 0x000000076ab00000)
  object space 175104K, 34% used [0x00000006c0000000,0x00000006c3ab4f80,0x00000006cab00000)
 Metaspace       used 20483K, capacity 21118K, committed 21248K, reserved 1067008K
  class space    used 2588K, capacity 2727K, committed 2816K, reserved 1048576K
}
Event: 37069.519 GC heap before
{Heap before GC invocations=330 (full 106):
 PSYoungGen      total 26112K, used 22144K [0x000000076ab00000, 0x000000076c880000, 0x00000007c0000000)
  eden space 22016K, 100% used [0x000000076ab00000,0x000000076c080000,0x000000076c080000)
  from space 4096K, 3% used [0x000000076c080000,0x000000076c0a0000,0x000000076c480000)
  to   space 4096K, 0% used [0x000000076c480000,0x000000076c480000,0x000000076c880000)
 ParOldGen       total 175104K, used 60115K [0x00000006c0000000, 0x00000006cab00000, 0x000000076ab00000)
  object space 175104K, 34% used [0x00000006c0000000,0x00000006c3ab4f80,0x00000006cab00000)
 Metaspace       used 20484K, capacity 21118K, committed 21248K, reserved 1067008K
  class space    used 2588K, capacity 2727K, committed 2816K, reserved 1048576K
Event: 37069.522 GC heap after
Heap after GC invocations=330 (full 106):
 PSYoungGen      total 26112K, used 128K [0x000000076ab00000, 0x000000076c880000, 0x00000007c0000000)
  eden space 22016K, 0% used [0x000000076ab00000,0x000000076ab00000,0x000000076c080000)
  from space 4096K, 3% used [0x000000076c480000,0x000000076c4a0000,0x000000076c880000)
  to   space 4096K, 0% used [0x000000076c080000,0x000000076c080000,0x000000076c480000)
 ParOldGen       total 175104K, used 60155K [0x00000006c0000000, 0x00000006cab00000, 0x000000076ab00000)
  object space 175104K, 34% used [0x00000006c0000000,0x00000006c3abef80,0x00000006cab00000)
 Metaspace       used 20484K, capacity 21118K, committed 21248K, reserved 1067008K
  class space    used 2588K, capacity 2727K, committed 2816K, reserved 1048576K
}
Event: 39215.717 GC heap before
{Heap before GC invocations=331 (full 106):
 PSYoungGen      total 26112K, used 22144K [0x000000076ab00000, 0x000000076c880000, 0x00000007c0000000)
  eden space 22016K, 100% used [0x000000076ab00000,0x000000076c080000,0x000000076c080000)
  from space 4096K, 3% used [0x000000076c480000,0x000000076c4a0000,0x000000076c880000)
  to   space 4096K, 0% used [0x000000076c080000,0x000000076c080000,0x000000076c480000)
 ParOldGen       total 175104K, used 60155K [0x00000006c0000000, 0x00000006cab00000, 0x000000076ab00000)
  object space 175104K, 34% used [0x00000006c0000000,0x00000006c3abef80,0x00000006cab00000)
 Metaspace       used 20484K, capacity 21118K, committed 21248K, reserved 1067008K
  class space    used 2588K, capacity 2727K, committed 2816K, reserved 1048576K
Event: 39215.720 GC heap after
Heap after GC invocations=331 (full 106):
 PSYoungGen      total 22528K, used 96K [0x000000076ab00000, 0x000000076c780000, 0x00000007c0000000)
  eden space 22016K, 0% used [0x000000076ab00000,0x000000076ab00000,0x000000076c080000)
  from space 512K, 18% used [0x000000076c080000,0x000000076c098000,0x000000076c100000)
  to   space 3584K, 0% used [0x000000076c400000,0x000000076c400000,0x000000076c780000)
 ParOldGen       total 175104K, used 60187K [0x00000006c0000000, 0x00000006cab00000, 0x000000076ab00000)
  object space 175104K, 34% used [0x00000006c0000000,0x00000006c3ac6f80,0x00000006cab00000)
 Metaspace       used 20484K, capacity 21118K, committed 21248K, reserved 1067008K
  class space    used 2588K, capacity 2727K, committed 2816K, reserved 1048576K
}
Event: 41372.691 GC heap before
{Heap before GC invocations=332 (full 106):
 PSYoungGen      total 22528K, used 22112K [0x000000076ab00000, 0x000000076c780000, 0x00000007c0000000)
  eden space 22016K, 100% used [0x000000076ab00000,0x000000076c080000,0x000000076c080000)
  from space 512K, 18% used [0x000000076c080000,0x000000076c098000,0x000000076c100000)
  to   space 3584K, 0% used [0x000000076c400000,0x000000076c400000,0x000000076c780000)
 ParOldGen       total 175104K, used 60187K [0x00000006c0000000, 0x00000006cab00000, 0x000000076ab00000)
  object space 175104K, 34% used [0x00000006c0000000,0x00000006c3ac6f80,0x00000006cab00000)
 Metaspace       used 20484K, capacity 21118K, committed 21248K, reserved 1067008K
  class space    used 2588K, capacity 2727K, committed 2816K, reserved 1048576K
Event: 41372.694 GC heap after
Heap after GC invocations=332 (full 106):
 PSYoungGen      total 25600K, used 96K [0x000000076ab00000, 0x000000076c780000, 0x00000007c0000000)
  eden space 22016K, 0% used [0x000000076ab00000,0x000000076ab00000,0x000000076c080000)
  from space 3584K, 2% used [0x000000076c400000,0x000000076c418000,0x000000076c780000)
  to   space 3584K, 0% used [0x000000076c080000,0x000000076c080000,0x000000076c400000)
 ParOldGen       total 175104K, used 60187K [0x00000006c0000000, 0x00000006cab00000, 0x000000076ab00000)
  object space 175104K, 34% used [0x00000006c0000000,0x00000006c3ac6f80,0x00000006cab00000)
 Metaspace       used 20484K, capacity 21118K, committed 21248K, reserved 1067008K
  class space    used 2588K, capacity 2727K, committed 2816K, reserved 1048576K
}
Event: 43466.023 GC heap before
{Heap before GC invocations=333 (full 106):
 PSYoungGen      total 25600K, used 22112K [0x000000076ab00000, 0x000000076c780000, 0x00000007c0000000)
  eden space 22016K, 100% used [0x000000076ab00000,0x000000076c080000,0x000000076c080000)
  from space 3584K, 2% used [0x000000076c400000,0x000000076c418000,0x000000076c780000)
  to   space 3584K, 0% used [0x000000076c080000,0x000000076c080000,0x000000076c400000)
 ParOldGen       total 175104K, used 60187K [0x00000006c0000000, 0x00000006cab00000, 0x000000076ab00000)
  object space 175104K, 34% used [0x00000006c0000000,0x00000006c3ac6f80,0x00000006cab00000)
 Metaspace       used 20487K, capacity 21118K, committed 21248K, reserved 1067008K
  class space    used 2589K, capacity 2727K, committed 2816K, reserved 1048576K
Event: 43466.026 GC heap after
Heap after GC invocations=333 (full 106):
 PSYoungGen      total 25600K, used 160K [0x000000076ab00000, 0x000000076c780000, 0x00000007c0000000)
  eden space 22016K, 0% used [0x000000076ab00000,0x000000076ab00000,0x000000076c080000)
  from space 3584K, 4% used [0x000000076c080000,0x000000076c0a8000,0x000000076c400000)
  to   space 3584K, 0% used [0x000000076c400000,0x000000076c400000,0x000000076c780000)
 ParOldGen       total 175104K, used 60187K [0x00000006c0000000, 0x00000006cab00000, 0x000000076ab00000)
  object space 175104K, 34% used [0x00000006c0000000,0x00000006c3ac6f80,0x00000006cab00000)
 Metaspace       used 20487K, capacity 21118K, committed 21248K, reserved 1067008K
  class space    used 2589K, capacity 2727K, committed 2816K, reserved 1048576K
}

