# JRE version: Java(TM) SE Runtime Environment (8.0_171-b11) (build 1.8.0_171-b11)
# Java VM: Java HotSpot(TM) 64-Bit Server VM (25.171-b11 mixed mode bsd-amd64 compressed oops)
Heap:
 PSYoungGen      total 34816K, used 983K [0x000000076ab00000, 0x000000076d300000, 0x00000007c0000000)
  eden space 29696K, 3% used [0x000000076ab00000,0x000000076abf5e30,0x000000076c800000)
  from space 5120K, 0% used [0x000000076ce00000,0x000000076ce00000,0x000000076d300000)
  to   space 5632K, 0% used [0x000000076c800000,0x000000076c800000,0x000000076cd80000)
 ParOldGen       total 175104K, used 18990K [0x00000006c0000000, 0x00000006cab00000, 0x000000076ab00000)
  object space 175104K, 10% used [0x00000006c0000000,0x00000006c128b8a8,0x00000006cab00000)
 Metaspace       used 19657K, capacity 20172K, committed 20480K, reserved 1067008K
  class space    used 2581K, capacity 2722K, committed 2816K, reserved 1048576K
GC Heap History (10 events):
Event: 141321.691 GC heap before
{Heap before GC invocations=130 (full 15):
 PSYoungGen      total 31232K, used 30272K [0x000000076ab00000, 0x000000076ca80000, 0x00000007c0000000)
  eden space 30208K, 100% used [0x000000076ab00000,0x000000076c880000,0x000000076c880000)
  from space 1024K, 6% used [0x000000076c980000,0x000000076c990000,0x000000076ca80000)
  to   space 1024K, 0% used [0x000000076c880000,0x000000076c880000,0x000000076c980000)
 ParOldGen       total 175104K, used 26898K [0x00000006c0000000, 0x00000006cab00000, 0x000000076ab00000)
  object space 175104K, 15% used [0x00000006c0000000,0x00000006c1a44840,0x00000006cab00000)
 Metaspace       used 19655K, capacity 20190K, committed 20480K, reserved 1067008K
  class space    used 2584K, capacity 2729K, committed 2816K, reserved 1048576K
Event: 141321.693 GC heap after
Heap after GC invocations=130 (full 15):
 PSYoungGen      total 31232K, used 64K [0x000000076ab00000, 0x000000076ca80000, 0x00000007c0000000)
  eden space 30208K, 0% used [0x000000076ab00000,0x000000076ab00000,0x000000076c880000)
  from space 1024K, 6% used [0x000000076c880000,0x000000076c890000,0x000000076c980000)
  to   space 1024K, 0% used [0x000000076c980000,0x000000076c980000,0x000000076ca80000)
 ParOldGen       total 175104K, used 26898K [0x00000006c0000000, 0x00000006cab00000, 0x000000076ab00000)
  object space 175104K, 15% used [0x00000006c0000000,0x00000006c1a44840,0x00000006cab00000)
 Metaspace       used 19655K, capacity 20190K, committed 20480K, reserved 1067008K
  class space    used 2584K, capacity 2729K, committed 2816K, reserved 1048576K
}
Event: 141463.264 GC heap before
{Heap before GC invocations=131 (full 15):
 PSYoungGen      total 31232K, used 5406K [0x000000076ab00000, 0x000000076ca80000, 0x00000007c0000000)
  eden space 30208K, 17% used [0x000000076ab00000,0x000000076b037908,0x000000076c880000)
  from space 1024K, 6% used [0x000000076c880000,0x000000076c890000,0x000000076c980000)
  to   space 1024K, 0% used [0x000000076c980000,0x000000076c980000,0x000000076ca80000)
 ParOldGen       total 175104K, used 26898K [0x00000006c0000000, 0x00000006cab00000, 0x000000076ab00000)
  object space 175104K, 15% used [0x00000006c0000000,0x00000006c1a44840,0x00000006cab00000)
 Metaspace       used 19656K, capacity 20190K, committed 20480K, reserved 1067008K
  class space    used 2584K, capacity 2729K, committed 2816K, reserved 1048576K
Event: 141463.268 GC heap after
Heap after GC invocations=131 (full 15):
 PSYoungGen      total 30720K, used 1020K [0x000000076ab00000, 0x000000076cb80000, 0x00000007c0000000)
  eden space 29696K, 0% used [0x000000076ab00000,0x000000076ab00000,0x000000076c800000)
  from space 1024K, 99% used [0x000000076c980000,0x000000076ca7f160,0x000000076ca80000)
  to   space 1536K, 0% used [0x000000076c800000,0x000000076c800000,0x000000076c980000)
 ParOldGen       total 175104K, used 27330K [0x00000006c0000000, 0x00000006cab00000, 0x000000076ab00000)
  object space 175104K, 15% used [0x00000006c0000000,0x00000006c1ab0ae8,0x00000006cab00000)
 Metaspace       used 19656K, capacity 20190K, committed 20480K, reserved 1067008K
  class space    used 2584K, capacity 2729K, committed 2816K, reserved 1048576K
}
Event: 141527.543 GC heap before
{Heap before GC invocations=132 (full 15):
 PSYoungGen      total 30720K, used 30716K [0x000000076ab00000, 0x000000076cb80000, 0x00000007c0000000)
  eden space 29696K, 100% used [0x000000076ab00000,0x000000076c800000,0x000000076c800000)
  from space 1024K, 99% used [0x000000076c980000,0x000000076ca7f160,0x000000076ca80000)
  to   space 1536K, 0% used [0x000000076c800000,0x000000076c800000,0x000000076c980000)
 ParOldGen       total 175104K, used 27330K [0x00000006c0000000, 0x00000006cab00000, 0x000000076ab00000)
  object space 175104K, 15% used [0x00000006c0000000,0x00000006c1ab0ae8,0x00000006cab00000)
 Metaspace       used 19666K, capacity 20190K, committed 20480K, reserved 1067008K
  class space    used 2584K, capacity 2729K, committed 2816K, reserved 1048576K
Event: 141527.564 GC heap after
Heap after GC invocations=132 (full 15):
 PSYoungGen      total 31232K, used 1513K [0x000000076ab00000, 0x000000076d400000, 0x00000007c0000000)
  eden space 29696K, 0% used [0x000000076ab00000,0x000000076ab00000,0x000000076c800000)
  from space 1536K, 98% used [0x000000076c800000,0x000000076c97a418,0x000000076c980000)
  to   space 6144K, 0% used [0x000000076ce00000,0x000000076ce00000,0x000000076d400000)
 ParOldGen       total 175104K, used 38302K [0x00000006c0000000, 0x00000006cab00000, 0x000000076ab00000)
  object space 175104K, 21% used [0x00000006c0000000,0x00000006c2567990,0x00000006cab00000)
 Metaspace       used 19666K, capacity 20190K, committed 20480K, reserved 1067008K
  class space    used 2584K, capacity 2729K, committed 2816K, reserved 1048576K
}
Event: 141529.115 GC heap before
{Heap before GC invocations=133 (full 15):
 PSYoungGen      total 31232K, used 7339K [0x000000076ab00000, 0x000000076d400000, 0x00000007c0000000)
  eden space 29696K, 19% used [0x000000076ab00000,0x000000076b0b0838,0x000000076c800000)
  from space 1536K, 98% used [0x000000076c800000,0x000000076c97a418,0x000000076c980000)
  to   space 6144K, 0% used [0x000000076ce00000,0x000000076ce00000,0x000000076d400000)
 ParOldGen       total 175104K, used 38302K [0x00000006c0000000, 0x00000006cab00000, 0x000000076ab00000)
  object space 175104K, 21% used [0x00000006c0000000,0x00000006c2567990,0x00000006cab00000)
 Metaspace       used 19666K, capacity 20190K, committed 20480K, reserved 1067008K
  class space    used 2584K, capacity 2729K, committed 2816K, reserved 1048576K
Event: 141529.121 GC heap after
Heap after GC invocations=133 (full 15):
 PSYoungGen      total 34816K, used 2458K [0x000000076ab00000, 0x000000076d300000, 0x00000007c0000000)
  eden space 29696K, 0% used [0x000000076ab00000,0x000000076ab00000,0x000000076c800000)
  from space 5120K, 48% used [0x000000076ce00000,0x000000076d0669b8,0x000000076d300000)
  to   space 5632K, 0% used [0x000000076c800000,0x000000076c800000,0x000000076cd80000)
 ParOldGen       total 175104K, used 39825K [0x00000006c0000000, 0x00000006cab00000, 0x000000076ab00000)
  object space 175104K, 22% used [0x00000006c0000000,0x00000006c26e46c8,0x00000006cab00000)
 Metaspace       used 19666K, capacity 20190K, committed 20480K, reserved 1067008K
  class space    used 2584K, capacity 2729K, committed 2816K, reserved 1048576K
}
Event: 141529.121 GC heap before
{Heap before GC invocations=134 (full 16):
 PSYoungGen      total 34816K, used 2458K [0x000000076ab00000, 0x000000076d300000, 0x00000007c0000000)
  eden space 29696K, 0% used [0x000000076ab00000,0x000000076ab00000,0x000000076c800000)
  from space 5120K, 48% used [0x000000076ce00000,0x000000076d0669b8,0x000000076d300000)
  to   space 5632K, 0% used [0x000000076c800000,0x000000076c800000,0x000000076cd80000)
 ParOldGen       total 175104K, used 39825K [0x00000006c0000000, 0x00000006cab00000, 0x000000076ab00000)
  object space 175104K, 22% used [0x00000006c0000000,0x00000006c26e46c8,0x00000006cab00000)
 Metaspace       used 19666K, capacity 20190K, committed 20480K, reserved 1067008K
  class space    used 2584K, capacity 2729K, committed 2816K, reserved 1048576K
Event: 141529.231 GC heap after
Heap after GC invocations=134 (full 16):
 PSYoungGen      total 34816K, used 0K [0x000000076ab00000, 0x000000076d300000, 0x00000007c0000000)
  eden space 29696K, 0% used [0x000000076ab00000,0x000000076ab00000,0x000000076c800000)
  from space 5120K, 0% used [0x000000076ce00000,0x000000076ce00000,0x000000076d300000)
  to   space 5632K, 0% used [0x000000076c800000,0x000000076c800000,0x000000076cd80000)
 ParOldGen       total 175104K, used 18990K [0x00000006c0000000, 0x00000006cab00000, 0x000000076ab00000)
  object space 175104K, 10% used [0x00000006c0000000,0x00000006c128b8a8,0x00000006cab00000)
 Metaspace       used 19655K, capacity 20172K, committed 20480K, reserved 1067008K
  class space    used 2581K, capacity 2722K, committed 2816K, reserved 1048576K
}

